<?xml version="1.0" encoding="UTF-8"?>
<!-- Generated by org.testng.reporters.JUnitReportReporter -->
<testsuite hostname="LAPTOP-S3510UPG" failures="0" tests="1" name="Day6.xmlSchemValidation" time="1.560" errors="0" timestamp="2025-02-27T22:36:23 IST" skipped="0">
  <testcase classname="Day6.xmlSchemValidation" name="xmlSchema" time="1.560"/>
  <system-out/>
</testsuite> <!-- Day6.xmlSchemValidation -->
