<?xml version="1.0" encoding="UTF-8"?>
<!-- Generated by org.testng.reporters.JUnitReportReporter -->
<testsuite hostname="LAPTOP-S3510UPG" failures="0" tests="1" name="ApiTesting.Practice" time="2.417" errors="0" timestamp="2025-03-06T13:57:05 IST" skipped="0">
  <testcase classname="ApiTesting.Practice" name="deleteTheRecord" time="2.417"/>
  <system-out/>
</testsuite> <!-- ApiTesting.Practice -->
