<?xml version="1.0" encoding="UTF-8"?>
<!-- Generated by org.testng.reporters.JUnitReportReporter -->
<testsuite hostname="LAPTOP-S3510UPG" failures="0" tests="1" name="ApiTesting.Day2" time="1.285" errors="0" timestamp="2025-02-21T23:51:32 IST" skipped="0">
  <testcase classname="ApiTesting.Day2" name="createuser" time="1.285"/>
  <system-out/>
</testsuite> <!-- ApiTesting.Day2 -->
