<?xml version="1.0" encoding="UTF-8"?>
<!-- Generated by org.testng.reporters.JUnitReportReporter -->
<testsuite hostname="LAPTOP-S3510UPG" failures="0" tests="2" name="Day3.getHeadersFromRequest" time="4.235" errors="0" timestamp="2025-02-23T13:31:44 IST" skipped="0">
  <testcase classname="Day3.getHeadersFromRequest" name="getSingleHeader" time="2.700"/>
  <system-out/>
  <testcase classname="Day3.getHeadersFromRequest" name="getMultipleHeaders" time="1.535"/>
  <system-out/>
</testsuite> <!-- Day3.getHeadersFromRequest -->
