<?xml version="1.0" encoding="UTF-8"?>
<!-- Generated by org.testng.reporters.JUnitReportReporter -->
<testsuite hostname="LAPTOP-S3510UPG" failures="0" tests="4" name="ApiTesting.Day1" time="5.776" errors="0" timestamp="2025-02-21T19:35:42 IST" skipped="0">
  <testcase classname="ApiTesting.Day1" name="createAUser" time="3.888"/>
  <system-out/>
  <testcase classname="ApiTesting.Day1" name="updateUser" time="0.870"/>
  <system-out/>
  <testcase classname="ApiTesting.Day1" name="deleteTheuser" time="0.789"/>
  <system-out/>
  <testcase classname="ApiTesting.Day1" name="getUsers" time="0.229"/>
  <system-out/>
</testsuite> <!-- ApiTesting.Day1 -->
