<?xml version="1.0" encoding="UTF-8"?>
<!-- Generated by org.testng.reporters.JUnitReportReporter -->
<testsuite hostname="LAPTOP-S3510UPG" failures="0" tests="1" name="Day6.jsonSchemaValidation" time="1.695" errors="0" timestamp="2025-02-27T22:27:19 IST" skipped="0">
  <testcase classname="Day6.jsonSchemaValidation" name="schemaValidation" time="1.695"/>
  <system-out/>
</testsuite> <!-- Day6.jsonSchemaValidation -->
