<?xml version="1.0" encoding="UTF-8"?>
<!-- Generated by org.testng.reporters.JUnitReportReporter -->
<testsuite hostname="LAPTOP-S3510UPG" failures="0" tests="1" name="Day8.GetUser" time="1.651" errors="0" timestamp="2025-03-10T23:42:43 IST" skipped="0">
  <testcase classname="Day8.GetUser" name="test_getuser" time="1.651"/>
  <system-out/>
</testsuite> <!-- Day8.GetUser -->
