<?xml version="1.0" encoding="UTF-8"?>
<!-- Generated by org.testng.reporters.JUnitReportReporter -->
<testsuite hostname="LAPTOP-S3510UPG" failures="0" tests="2" name="Day3.getCookiesFromRequest" time="5.549" errors="0" timestamp="2025-02-23T13:24:31 IST" skipped="0">
  <testcase classname="Day3.getCookiesFromRequest" name="getSingleCookies" time="4.113"/>
  <system-out/>
  <testcase classname="Day3.getCookiesFromRequest" name="getAllCookies" time="1.436"/>
  <system-out/>
</testsuite> <!-- Day3.getCookiesFromRequest -->
