<?xml version="1.0" encoding="UTF-8"?>
<!-- Generated by org.testng.reporters.JUnitReportReporter -->
<testsuite hostname="LAPTOP-S3510UPG" failures="0" tests="1" name="Day8.DeleteUser" time="1.672" errors="0" timestamp="2025-03-10T23:42:43 IST" skipped="0">
  <testcase classname="Day8.DeleteUser" name="Test_Deleteuser" time="1.672"/>
  <system-out/>
</testsuite> <!-- Day8.DeleteUser -->
