<?xml version="1.0" encoding="UTF-8"?>
<!-- Generated by org.testng.reporters.JUnitReportReporter -->
<testsuite hostname="LAPTOP-S3510UPG" failures="0" tests="1" name="Day8.UpdateUser" time="1.668" errors="0" timestamp="2025-03-10T23:42:43 IST" skipped="0">
  <testcase classname="Day8.UpdateUser" name="test_Updateuser" time="1.668"/>
  <system-out/>
</testsuite> <!-- Day8.UpdateUser -->
