<?xml version="1.0" encoding="UTF-8"?>
<!-- Generated by org.testng.reporters.JUnitReportReporter -->
<testsuite hostname="LAPTOP-S3510UPG" failures="0" tests="1" name="Day4.ParseTheJosnDatas" time="2.954" errors="0" timestamp="2025-02-25T00:22:30 IST" skipped="0">
  <testcase classname="Day4.ParseTheJosnDatas" name="getAllDatasFromJSON" time="2.954"/>
  <system-out/>
</testsuite> <!-- Day4.ParseTheJosnDatas -->
