<?xml version="1.0" encoding="UTF-8"?>
<!-- Generated by org.testng.reporters.JUnitReportReporter -->
<testsuite hostname="LAPTOP-S3510UPG" failures="0" tests="1" name="Day3.pathAndQueryParam" time="2.142" errors="0" timestamp="2025-02-23T13:13:50 IST" skipped="0">
  <testcase classname="Day3.pathAndQueryParam" name="pathQueryPrameter" time="2.142"/>
  <system-out/>
</testsuite> <!-- Day3.pathAndQueryParam -->
