<?xml version="1.0" encoding="UTF-8"?>
<!-- Generated by org.testng.reporters.JUnitReportReporter -->
<testsuite hostname="LAPTOP-S3510UPG" failures="0" tests="1" name="ApiTesting.AppTest" time="0.002" errors="0" timestamp="2025-04-12T22:50:36 IST" skipped="0">
  <testcase classname="ApiTesting.AppTest" name="testApp" time="0.002"/>
  <system-out/>
</testsuite> <!-- ApiTesting.AppTest -->
